<?xml version="1.0" encoding="UTF-8"?>
<!-- Generated by org.testng.reporters.JUnitReportReporter -->
<testsuite skipped="0" hostname="CBT-2F-301" name="com_AcitTime_Test.demoGit" tests="1" failures="0" timestamp="2021-04-16T08:04:04 IST" time="0.010" errors="0">
  <testcase name="testA" time="0.010" classname="com_AcitTime_Test.demoGit"/>
</testsuite> <!-- com_AcitTime_Test.demoGit -->
